<?xml version="1.0" encoding="UTF-8"?>
<testsuite xmlns:xsi="http://www.w3.org/2001/XMLSchema-instance" xsi:noNamespaceSchemaLocation="https://maven.apache.org/surefire/maven-surefire-plugin/xsd/surefire-test-report-3.0.xsd" version="3.0" name="com.example.vote.VoteServiceTest" time="4.352" tests="7" errors="0" skipped="0" failures="0">
  <properties>
[...]
</properties>
  <testcase name="testVoteAfterDeadlineForbidden" classname="com.example.vote.VoteServiceTest" time="0.556">
    <system-out><![CDATA[14:37:16.082 [main] INFO org.springframework.test.context.support.AnnotationConfigContextLoaderUtils -- Could not detect default configuration classes for test class [com.example.vote.VoteServiceTest]: VoteServiceTest does not declare any static, non-private, non-final, nested classes annotated with @Configuration.
14:37:16.154 [main] INFO org.springframework.boot.test.context.SpringBootTestContextBootstrapper -- Found @SpringBootConfiguration com.example.vote.VoteApiApplication for test class com.example.vote.VoteServiceTest

  .   ____          _            __ _ _
 /\\ / ___'_ __ _ _(_)_ __  __ _ \ \ \ \
( ( )\___ | '_ | '_| | '_ \/ _` | \ \ \ \
 \\/  ___)| |_)| | | | | || (_| |  ) ) ) )
  '  |____| .__|_| |_|_| |_\__, | / / / /
 =========|_|==============|___/=/_/_/_/
 :: Spring Boot ::                (v3.2.4)

2026-04-10T14:37:16.432+08:00  INFO 27280 --- [springboot-vote-api] [           main] com.example.vote.VoteServiceTest         : Starting VoteServiceTest using Java 21.0.7 with PID 27280 (started by Administrator in F:\cursor\dogfooding\新题目\test1\dogfood\springboot-vote-api)
2026-04-10T14:37:16.432+08:00  INFO 27280 --- [springboot-vote-api] [           main] com.example.vote.VoteServiceTest         : No active profile set, falling back to 1 default profile: "default"
2026-04-10T14:37:16.912+08:00  INFO 27280 --- [springboot-vote-api] [           main] .s.d.r.c.RepositoryConfigurationDelegate : Bootstrapping Spring Data JPA repositories in DEFAULT mode.
2026-04-10T14:37:16.957+08:00  INFO 27280 --- [springboot-vote-api] [           main] .s.d.r.c.RepositoryConfigurationDelegate : Finished Spring Data repository scanning in 38 ms. Found 3 JPA repository interfaces.
2026-04-10T14:37:17.368+08:00  INFO 27280 --- [springboot-vote-api] [           main] o.hibernate.jpa.internal.util.LogHelper  : HHH000204: Processing PersistenceUnitInfo [name: default]
2026-04-10T14:37:17.425+08:00  INFO 27280 --- [springboot-vote-api] [           main] org.hibernate.Version                    : HHH000412: Hibernate ORM core version 6.4.4.Final
2026-04-10T14:37:17.451+08:00  INFO 27280 --- [springboot-vote-api] [           main] o.h.c.internal.RegionFactoryInitiator    : HHH000026: Second-level cache disabled
2026-04-10T14:37:17.652+08:00  INFO 27280 --- [springboot-vote-api] [           main] o.s.o.j.p.SpringPersistenceUnitInfo      : No LoadTimeWeaver setup: ignoring JPA class transformer
2026-04-10T14:37:17.672+08:00  INFO 27280 --- [springboot-vote-api] [           main] com.zaxxer.hikari.HikariDataSource       : HikariPool-1 - Starting...
2026-04-10T14:37:17.784+08:00  INFO 27280 --- [springboot-vote-api] [           main] com.zaxxer.hikari.pool.HikariPool        : HikariPool-1 - Added connection conn0: url=jdbc:h2:mem:votedb user=SA
2026-04-10T14:37:17.785+08:00  INFO 27280 --- [springboot-vote-api] [           main] com.zaxxer.hikari.HikariDataSource       : HikariPool-1 - Start completed.
2026-04-10T14:37:18.370+08:00  INFO 27280 --- [springboot-vote-api] [           main] o.h.e.t.j.p.i.JtaPlatformInitiator       : HHH000489: No JTA platform available (set 'hibernate.transaction.jta.platform' to enable JTA platform integration)
Hibernate: 
    create table t_vote (
        id bigint generated by default as identity,
        created_at timestamp(6) not null,
        deadline timestamp(6) not null,
        is_anonymous boolean not null,
        is_closed boolean not null,
        is_multiple boolean not null,
        max_choices integer,
        title varchar(200) not null,
        primary key (id)
    )
Hibernate: 
    create table t_vote_option (
        id bigint generated by default as identity,
        content varchar(200) not null,
        vote_count integer not null,
        vote_id bigint not null,
        primary key (id)
    )
Hibernate: 
    create table t_vote_record (
        id bigint generated by default as identity,
        option_id bigint not null,
        user_id varchar(255),
        vote_id bigint not null,
        voted_at timestamp(6) not null,
        primary key (id)
    )
Hibernate: 
    alter table if exists t_vote_record 
       drop constraint if exists UKs7ievu8ucb5pbqh0mgbqkipqm
Hibernate: 
    alter table if exists t_vote_record 
       add constraint UKs7ievu8ucb5pbqh0mgbqkipqm unique (vote_id, user_id, option_id)
Hibernate: 
    alter table if exists t_vote_option 
       add constraint FK58yx8swkr5qcule9dt332jrgk 
       foreign key (vote_id) 
       references t_vote
2026-04-10T14:37:18.413+08:00  INFO 27280 --- [springboot-vote-api] [           main] j.LocalContainerEntityManagerFactoryBean : Initialized JPA EntityManagerFactory for persistence unit 'default'
2026-04-10T14:37:18.672+08:00  INFO 27280 --- [springboot-vote-api] [           main] o.s.d.j.r.query.QueryEnhancerFactory     : Hibernate is in classpath; If applicable, HQL parser will be used.
2026-04-10T14:37:19.179+08:00  WARN 27280 --- [springboot-vote-api] [           main] JpaBaseConfiguration$JpaWebConfiguration : spring.jpa.open-in-view is enabled by default. Therefore, database queries may be performed during view rendering. Explicitly configure spring.jpa.open-in-view to disable this warning
2026-04-10T14:37:19.462+08:00  INFO 27280 --- [springboot-vote-api] [           main] o.s.b.a.h2.H2ConsoleAutoConfiguration    : H2 console available at '/h2-console'. Database available at 'jdbc:h2:mem:votedb'
2026-04-10T14:37:19.515+08:00  INFO 27280 --- [springboot-vote-api] [           main] com.example.vote.VoteServiceTest         : Started VoteServiceTest in 3.268 seconds (process running for 3.933)
Hibernate: 
    select
        v1_0.id,
        v1_0.created_at,
        v1_0.deadline,
        v1_0.is_anonymous,
        v1_0.is_closed,
        v1_0.is_multiple,
        v1_0.max_choices,
        v1_0.title 
    from
        t_vote v1_0 
    where
        v1_0.is_closed=false 
        and v1_0.deadline<=?
Hibernate: 
    insert 
    into
        t_vote
        (created_at, deadline, is_anonymous, is_closed, is_multiple, max_choices, title, id) 
    values
        (?, ?, ?, ?, ?, ?, ?, default)
Hibernate: 
    insert 
    into
        t_vote_option
        (content, vote_id, vote_count, id) 
    values
        (?, ?, ?, default)
Hibernate: 
    insert 
    into
        t_vote_option
        (content, vote_id, vote_count, id) 
    values
        (?, ?, ?, default)
Hibernate: 
    update
        t_vote 
    set
        created_at=?,
        deadline=?,
        is_anonymous=?,
        is_closed=?,
        is_multiple=?,
        max_choices=?,
        title=? 
    where
        id=?
Hibernate: 
    select
        vo1_0.id,
        vo1_0.content,
        vo1_0.vote_id,
        vo1_0.vote_count 
    from
        t_vote_option vo1_0 
    left join
        t_vote v1_0 
            on v1_0.id=vo1_0.vote_id 
    where
        v1_0.id=?
]]></system-out>
    <system-err><![CDATA[WARNING: A Java agent has been loaded dynamically (F:\maven\repository\net\bytebuddy\byte-buddy-agent\1.14.12\byte-buddy-agent-1.14.12.jar)
WARNING: If a serviceability tool is in use, please run with -XX:+EnableDynamicAgentLoading to hide this warning
WARNING: If a serviceability tool is not in use, please run with -Djdk.instrument.traceUsage for more information
WARNING: Dynamic loading of agents will be disallowed by default in a future release
]]></system-err>
  </testcase>
  <testcase name="testMultipleChoiceLimit" classname="com.example.vote.VoteServiceTest" time="0.018">
    <system-out><![CDATA[Hibernate: 
    insert 
    into
        t_vote
        (created_at, deadline, is_anonymous, is_closed, is_multiple, max_choices, title, id) 
    values
        (?, ?, ?, ?, ?, ?, ?, default)
Hibernate: 
    insert 
    into
        t_vote_option
        (content, vote_id, vote_count, id) 
    values
        (?, ?, ?, default)
Hibernate: 
    insert 
    into
        t_vote_option
        (content, vote_id, vote_count, id) 
    values
        (?, ?, ?, default)
Hibernate: 
    insert 
    into
        t_vote_option
        (content, vote_id, vote_count, id) 
    values
        (?, ?, ?, default)
Hibernate: 
    insert 
    into
        t_vote_option
        (content, vote_id, vote_count, id) 
    values
        (?, ?, ?, default)
Hibernate: 
    select
        vo1_0.id,
        vo1_0.content,
        vo1_0.vote_id,
        vo1_0.vote_count 
    from
        t_vote_option vo1_0 
    left join
        t_vote v1_0 
            on v1_0.id=vo1_0.vote_id 
    where
        v1_0.id=?
Hibernate: 
    select
        vr1_0.id 
    from
        t_vote_record vr1_0 
    where
        vr1_0.vote_id=? 
        and vr1_0.user_id=? 
    fetch
        first ? rows only
Hibernate: 
    select
        vo1_0.id,
        vo1_0.content,
        vo1_0.vote_id,
        vo1_0.vote_count 
    from
        t_vote_option vo1_0 
    left join
        t_vote v1_0 
            on v1_0.id=vo1_0.vote_id 
    where
        v1_0.id=?
Hibernate: 
    insert 
    into
        t_vote_record
        (option_id, user_id, vote_id, voted_at, id) 
    values
        (?, ?, ?, ?, default)
Hibernate: 
    insert 
    into
        t_vote_record
        (option_id, user_id, vote_id, voted_at, id) 
    values
        (?, ?, ?, ?, default)
Hibernate: 
    select
        vr1_0.id 
    from
        t_vote_record vr1_0 
    where
        vr1_0.vote_id=? 
        and vr1_0.user_id=? 
    fetch
        first ? rows only
]]></system-out>
  </testcase>
  <testcase name="testClosedVoteForbidden" classname="com.example.vote.VoteServiceTest" time="0.011">
    <system-out><![CDATA[Hibernate: 
    insert 
    into
        t_vote
        (created_at, deadline, is_anonymous, is_closed, is_multiple, max_choices, title, id) 
    values
        (?, ?, ?, ?, ?, ?, ?, default)
Hibernate: 
    insert 
    into
        t_vote_option
        (content, vote_id, vote_count, id) 
    values
        (?, ?, ?, default)
Hibernate: 
    insert 
    into
        t_vote_option
        (content, vote_id, vote_count, id) 
    values
        (?, ?, ?, default)
Hibernate: 
    update
        t_vote 
    set
        created_at=?,
        deadline=?,
        is_anonymous=?,
        is_closed=?,
        is_multiple=?,
        max_choices=?,
        title=? 
    where
        id=?
Hibernate: 
    select
        vo1_0.id,
        vo1_0.content,
        vo1_0.vote_id,
        vo1_0.vote_count 
    from
        t_vote_option vo1_0 
    left join
        t_vote v1_0 
            on v1_0.id=vo1_0.vote_id 
    where
        v1_0.id=?
]]></system-out>
  </testcase>
  <testcase name="testDuplicateVotePrevention" classname="com.example.vote.VoteServiceTest" time="0.023">
    <system-out><![CDATA[Hibernate: 
    insert 
    into
        t_vote
        (created_at, deadline, is_anonymous, is_closed, is_multiple, max_choices, title, id) 
    values
        (?, ?, ?, ?, ?, ?, ?, default)
Hibernate: 
    insert 
    into
        t_vote_option
        (content, vote_id, vote_count, id) 
    values
        (?, ?, ?, default)
Hibernate: 
    insert 
    into
        t_vote_option
        (content, vote_id, vote_count, id) 
    values
        (?, ?, ?, default)
Hibernate: 
    insert 
    into
        t_vote_option
        (content, vote_id, vote_count, id) 
    values
        (?, ?, ?, default)
Hibernate: 
    select
        vo1_0.id,
        vo1_0.content,
        vo1_0.vote_id,
        vo1_0.vote_count 
    from
        t_vote_option vo1_0 
    left join
        t_vote v1_0 
            on v1_0.id=vo1_0.vote_id 
    where
        v1_0.id=?
Hibernate: 
    select
        vr1_0.id 
    from
        t_vote_record vr1_0 
    where
        vr1_0.vote_id=? 
        and vr1_0.user_id=? 
    fetch
        first ? rows only
Hibernate: 
    select
        vo1_0.id,
        vo1_0.content,
        vo1_0.vote_id,
        vo1_0.vote_count 
    from
        t_vote_option vo1_0 
    left join
        t_vote v1_0 
            on v1_0.id=vo1_0.vote_id 
    where
        v1_0.id=?
Hibernate: 
    insert 
    into
        t_vote_record
        (option_id, user_id, vote_id, voted_at, id) 
    values
        (?, ?, ?, ?, default)
Hibernate: 
    select
        vr1_0.id 
    from
        t_vote_record vr1_0 
    where
        vr1_0.vote_id=? 
        and vr1_0.user_id=? 
    fetch
        first ? rows only
]]></system-out>
  </testcase>
  <testcase name="testZeroVotePercentage" classname="com.example.vote.VoteServiceTest" time="0.113">
    <system-out><![CDATA[Hibernate: 
    insert 
    into
        t_vote
        (created_at, deadline, is_anonymous, is_closed, is_multiple, max_choices, title, id) 
    values
        (?, ?, ?, ?, ?, ?, ?, default)
Hibernate: 
    insert 
    into
        t_vote_option
        (content, vote_id, vote_count, id) 
    values
        (?, ?, ?, default)
Hibernate: 
    insert 
    into
        t_vote_option
        (content, vote_id, vote_count, id) 
    values
        (?, ?, ?, default)
Hibernate: 
    select
        vo1_0.id,
        vo1_0.content,
        vo1_0.vote_id,
        vo1_0.vote_count 
    from
        t_vote_option vo1_0 
    left join
        t_vote v1_0 
            on v1_0.id=vo1_0.vote_id 
    where
        v1_0.id=?
]]></system-out>
  </testcase>
  <testcase name="testSingleVoteMultipleSelectionForbidden" classname="com.example.vote.VoteServiceTest" time="0.009">
    <system-out><![CDATA[Hibernate: 
    insert 
    into
        t_vote
        (created_at, deadline, is_anonymous, is_closed, is_multiple, max_choices, title, id) 
    values
        (?, ?, ?, ?, ?, ?, ?, default)
Hibernate: 
    insert 
    into
        t_vote_option
        (content, vote_id, vote_count, id) 
    values
        (?, ?, ?, default)
Hibernate: 
    insert 
    into
        t_vote_option
        (content, vote_id, vote_count, id) 
    values
        (?, ?, ?, default)
Hibernate: 
    insert 
    into
        t_vote_option
        (content, vote_id, vote_count, id) 
    values
        (?, ?, ?, default)
Hibernate: 
    select
        vo1_0.id,
        vo1_0.content,
        vo1_0.vote_id,
        vo1_0.vote_count 
    from
        t_vote_option vo1_0 
    left join
        t_vote v1_0 
            on v1_0.id=vo1_0.vote_id 
    where
        v1_0.id=?
Hibernate: 
    select
        vr1_0.id 
    from
        t_vote_record vr1_0 
    where
        vr1_0.vote_id=? 
        and vr1_0.user_id=? 
    fetch
        first ? rows only
]]></system-out>
  </testcase>
  <testcase name="testVoteStatisticsCalculation" classname="com.example.vote.VoteServiceTest" time="0.047">
    <system-out><![CDATA[Hibernate: 
    insert 
    into
        t_vote
        (created_at, deadline, is_anonymous, is_closed, is_multiple, max_choices, title, id) 
    values
        (?, ?, ?, ?, ?, ?, ?, default)
Hibernate: 
    insert 
    into
        t_vote_option
        (content, vote_id, vote_count, id) 
    values
        (?, ?, ?, default)
Hibernate: 
    insert 
    into
        t_vote_option
        (content, vote_id, vote_count, id) 
    values
        (?, ?, ?, default)
Hibernate: 
    select
        vo1_0.id,
        vo1_0.content,
        vo1_0.vote_id,
        vo1_0.vote_count 
    from
        t_vote_option vo1_0 
    left join
        t_vote v1_0 
            on v1_0.id=vo1_0.vote_id 
    where
        v1_0.id=?
Hibernate: 
    select
        vr1_0.id 
    from
        t_vote_record vr1_0 
    where
        vr1_0.vote_id=? 
        and vr1_0.user_id=? 
    fetch
        first ? rows only
Hibernate: 
    select
        vo1_0.id,
        vo1_0.content,
        vo1_0.vote_id,
        vo1_0.vote_count 
    from
        t_vote_option vo1_0 
    left join
        t_vote v1_0 
            on v1_0.id=vo1_0.vote_id 
    where
        v1_0.id=?
Hibernate: 
    insert 
    into
        t_vote_record
        (option_id, user_id, vote_id, voted_at, id) 
    values
        (?, ?, ?, ?, default)
Hibernate: 
    select
        vr1_0.id 
    from
        t_vote_record vr1_0 
    where
        vr1_0.vote_id=? 
        and vr1_0.user_id=? 
    fetch
        first ? rows only
Hibernate: 
    update
        t_vote_option 
    set
        content=?,
        vote_id=?,
        vote_count=? 
    where
        id=?
Hibernate: 
    select
        vo1_0.id,
        vo1_0.content,
        vo1_0.vote_id,
        vo1_0.vote_count 
    from
        t_vote_option vo1_0 
    left join
        t_vote v1_0 
            on v1_0.id=vo1_0.vote_id 
    where
        v1_0.id=?
Hibernate: 
    insert 
    into
        t_vote_record
        (option_id, user_id, vote_id, voted_at, id) 
    values
        (?, ?, ?, ?, default)
Hibernate: 
    select
        vr1_0.id 
    from
        t_vote_record vr1_0 
    where
        vr1_0.vote_id=? 
        and vr1_0.user_id=? 
    fetch
        first ? rows only
Hibernate: 
    update
        t_vote_option 
    set
        content=?,
        vote_id=?,
        vote_count=? 
    where
        id=?
Hibernate: 
    select
        vo1_0.id,
        vo1_0.content,
        vo1_0.vote_id,
        vo1_0.vote_count 
    from
        t_vote_option vo1_0 
    left join
        t_vote v1_0 
            on v1_0.id=vo1_0.vote_id 
    where
        v1_0.id=?
Hibernate: 
    insert 
    into
        t_vote_record
        (option_id, user_id, vote_id, voted_at, id) 
    values
        (?, ?, ?, ?, default)
Hibernate: 
    select
        vr1_0.id 
    from
        t_vote_record vr1_0 
    where
        vr1_0.vote_id=? 
        and vr1_0.user_id=? 
    fetch
        first ? rows only
Hibernate: 
    update
        t_vote_option 
    set
        content=?,
        vote_id=?,
        vote_count=? 
    where
        id=?
Hibernate: 
    select
        vo1_0.id,
        vo1_0.content,
        vo1_0.vote_id,
        vo1_0.vote_count 
    from
        t_vote_option vo1_0 
    left join
        t_vote v1_0 
            on v1_0.id=vo1_0.vote_id 
    where
        v1_0.id=?
Hibernate: 
    insert 
    into
        t_vote_record
        (option_id, user_id, vote_id, voted_at, id) 
    values
        (?, ?, ?, ?, default)
Hibernate: 
    select
        vr1_0.id 
    from
        t_vote_record vr1_0 
    where
        vr1_0.vote_id=? 
        and vr1_0.user_id=? 
    fetch
        first ? rows only
Hibernate: 
    update
        t_vote_option 
    set
        content=?,
        vote_id=?,
        vote_count=? 
    where
        id=?
Hibernate: 
    select
        vo1_0.id,
        vo1_0.content,
        vo1_0.vote_id,
        vo1_0.vote_count 
    from
        t_vote_option vo1_0 
    left join
        t_vote v1_0 
            on v1_0.id=vo1_0.vote_id 
    where
        v1_0.id=?
Hibernate: 
    insert 
    into
        t_vote_record
        (option_id, user_id, vote_id, voted_at, id) 
    values
        (?, ?, ?, ?, default)
Hibernate: 
    update
        t_vote_option 
    set
        content=?,
        vote_id=?,
        vote_count=? 
    where
        id=?
Hibernate: 
    select
        vo1_0.id,
        vo1_0.content,
        vo1_0.vote_id,
        vo1_0.vote_count 
    from
        t_vote_option vo1_0 
    left join
        t_vote v1_0 
            on v1_0.id=vo1_0.vote_id 
    where
        v1_0.id=?
]]></system-out>
  </testcase>
</testsuite>